<?xml version="1.0" encoding="UTF-8"?>
<!-- Generated by org.testng.reporters.JUnitXMLReporter -->
<testsuite ignored="2" hostname="sowjanya" failures="0" tests="1" name="Default test" time="10.197" errors="0" timestamp="2022-11-16T22:38:54 IST">
  <testcase classname="OrangeHRM.TestNgDemo" name="login" time="1.34"/>
  <testcase classname="OrangeHRM.TestNgDemo" name="loginStatus" time="0.0">
    <ignored/>
  </testcase> <!-- loginStatus -->
  <testcase classname="OrangeHRM.TestNgDemo" name="logout" time="0.0">
    <ignored/>
  </testcase> <!-- logout -->
</testsuite> <!-- Default test -->
