<?xml version="1.0" encoding="UTF-8"?>
<testng-results ignored="2" total="3" passed="1" failed="0" skipped="0">
  <reporter-output>
  </reporter-output>
  <suite started-at="2022-11-16T22:38:44 IST" name="Default suite" finished-at="2022-11-16T22:38:54 IST" duration-ms="10197">
    <groups>
    </groups>
    <test started-at="2022-11-16T22:38:44 IST" name="Default test" finished-at="2022-11-16T22:38:54 IST" duration-ms="10197">
      <class name="OrangeHRM.TestNgDemo">
        <test-method is-config="true" signature="launchApp()[pri:0, instance:OrangeHRM.TestNgDemo@5f7b97da]" started-at="2022-11-16T22:38:44 IST" name="launchApp" finished-at="2022-11-16T22:38:52 IST" duration-ms="8574" status="PASS">
          <reporter-output>
          </reporter-output>
        </test-method> <!-- launchApp -->
        <test-method signature="login()[pri:0, instance:OrangeHRM.TestNgDemo@5f7b97da]" started-at="2022-11-16T22:38:52 IST" name="login" finished-at="2022-11-16T22:38:54 IST" duration-ms="1340" status="PASS">
          <reporter-output>
          </reporter-output>
        </test-method> <!-- login -->
        <test-method is-config="true" signature="close()[pri:0, instance:OrangeHRM.TestNgDemo@5f7b97da]" started-at="2022-11-16T22:38:54 IST" name="close" finished-at="2022-11-16T22:38:54 IST" duration-ms="195" status="PASS">
          <reporter-output>
          </reporter-output>
        </test-method> <!-- close -->
      </class> <!-- OrangeHRM.TestNgDemo -->
    </test> <!-- Default test -->
  </suite> <!-- Default suite -->
</testng-results>
